make[1]: Entering directory '/home/runner/work/Kernel_Action_Builder/Kernel_Action_Builder/kernel_a326b/out'
  CHK     include/config/kernel.release
  GEN     ./Makefile
  CHK     include/generated/uapi/linux/version.h
  CHK     include/generated/utsrelease.h
  Using .. as source for kernel
  CHK     scripts/mod/devicetable-offsets.h
  CHK     include/generated/timeconst.h
  CHK     include/generated/bounds.h
  CHK     include/generated/asm-offsets.h
  CALL    ../scripts/checksyscalls.sh
  CHK     include/generated/compile.h
  CHK     kernel/config_data.h
  CHK     kernel/kheaders_data.tar.xz
../firmware/Makefile:95: target 'firmware/tsp_novatek/nt36525_a02_csot.bin.gen.S' given more than once in the same rule
../drivers/misc/tzdev/Makefile.include:2: "CONFIG_MTK_PLATFORM: "mt6853""
../drivers/misc/tzdev/Makefile.include:3: "CONFIG_TEEGRIS_VERSION_STRING: "4.2.0""
  CC      net/ipv4/devinet.o
  AR      net/ipv6/ipv6.o
  CC      net/ipv6/ah6.o
  CC      net/ipv6/esp6.o
  CC      lib/zstd/compress.o
  CC      net/ipv4/af_inet.o
  CC      net/ipv6/ipcomp6.o
  CC      net/ipv6/xfrm6_tunnel.o
  CC      net/ipv4/igmp.o
-- SukiSU-Ultra version: 37210 [v4.1.2-c667927b@main]
-- KernelSU Manager signature size: 0x35c
-- KernelSU Manager signature hash: 947ae944f3de4ed4c21a7e4f7953ecf351bfa2b36239da37a34111ad29993eef
-- KERNEL_VERSION: 4.14
-- KERNEL_TYPE: Non-GKI
-- KPM is disabled
-- KSU_NEW_DCACHE_FLUSH: 0
  CC      drivers/kernelsu/core/init.o
  CC      drivers/kernelsu/feature/kernel_umount.o
  CC      drivers/kernelsu/feature/sulog.o
  CC      net/ipv6/tunnel6.o
  CC      drivers/kernelsu/feature/sucompat.o
  CC      drivers/kernelsu/hook/lsm_hook.o
  CC      drivers/kernelsu/hook/setuid_hook.o
  CC      net/ipv6/xfrm6_mode_transport.o
  CC      drivers/kernelsu/hook/syscall_event_bridge.o
  CC      net/ipv4/fib_frontend.o
  CC      drivers/kernelsu/hook/syscall_hook_manager.o
  CC      net/ipv6/xfrm6_mode_tunnel.o
  CC      drivers/kernelsu/hook/tp_marker.o
  CC      drivers/kernelsu/hook/arm64/patch_memory.o
  CC      net/ipv6/xfrm6_mode_beet.o
  CC      drivers/kernelsu/hook/arm64/syscall_hook.o
  CC      net/ipv4/fib_semantics.o
  CC      drivers/kernelsu/infra/file_wrapper.o
  CC      net/ipv6/mip6.o
../drivers/kernelsu/infra/file_wrapper.c:97:1: error: expected identifier or '('
{
^
../drivers/kernelsu/infra/file_wrapper.c:308:56: error: expected identifier or '('
                                           loff_t len, unsigned int remap_flags)
                                                       ^
../drivers/kernelsu/infra/file_wrapper.c:308:55: error: expected ';' after top level declarator
                                           loff_t len, unsigned int remap_flags)
                                                      ^
                                                      ;
../drivers/kernelsu/infra/file_wrapper.c:308:80: error: expected ';' after top level declarator
                                           loff_t len, unsigned int remap_flags)
                                                                               ^
                                                                               ;
../drivers/kernelsu/infra/file_wrapper.c:316:1: error: extraneous closing brace ('}')
}
^
../drivers/kernelsu/infra/file_wrapper.c:318:1: error: expected identifier or '('
{
^
../drivers/kernelsu/infra/file_wrapper.c:322:5: error: expected identifier or '('
    return -EINVAL;
    ^
../drivers/kernelsu/infra/file_wrapper.c:323:1: error: extraneous closing brace ('}')
}
^
8 errors generated.
make[3]: *** [../scripts/Makefile.build:356: drivers/kernelsu/infra/file_wrapper.o] Error 1
make[2]: *** [../scripts/Makefile.build:671: drivers/kernelsu] Error 2
make[1]: *** [/home/runner/work/Kernel_Action_Builder/Kernel_Action_Builder/kernel_a326b/Makefile:1165: drivers] Error 2
make[1]: *** Waiting for unfinished jobs....
  CC      net/ipv6/netfilter/ip6_tables.o
  CC      lib/zstd/zstd_common.o
  CC      lib/ts_bm.o
  CC      net/ipv4/fib_trie.o
  CC      net/ipv6/netfilter/ip6table_filter.o
  CC      net/ipv6/ip6_vti.o
  CC      net/ipv6/netfilter/ip6table_mangle.o
  CC      lib/zstd/huf_decompress.o
  CC      net/ipv6/sit.o
  CC      net/ipv6/netfilter/ip6table_raw.o
  CC      net/ipv4/fib_notifier.o
  CC      net/ipv6/netfilter/nf_conntrack_l3proto_ipv6.o
  CC      lib/zstd/decompress.o
  CC      net/ipv4/inet_fragment.o
  CC      net/ipv6/netfilter/nf_conntrack_proto_icmpv6.o
  CC      net/llc/llc_core.o
  CC      net/ipv6/netfilter/nf_defrag_ipv6_hooks.o
  AR      lib/zstd/zstd_compress.o
  AR      lib/zstd/zstd_decompress.o
  AR      lib/zstd/built-in.o
  CC      lib/ts_fsm.o
  CC      net/llc/llc_input.o
  CC      lib/percpu_counter.o
  CC      net/ipv4/ping.o
  CC      lib/audit.o
  CC      net/llc/llc_output.o
  CC      net/ipv6/netfilter/nf_conntrack_reasm.o
  CC      lib/compat_audit.o
  CC      lib/swiotlb.o
  AR      net/llc/llc.o
  AR      net/llc/built-in.o
  CC      net/netfilter/core.o
  CC      net/ipv4/ip_tunnel_core.o
  CC      net/ipv6/netfilter/nf_socket_ipv6.o
  CC      lib/iommu-helper.o
  CC      lib/iommu-common.o
  CC      net/netfilter/nf_log.o
  CC      lib/fault-inject.o
  CC      net/ipv6/netfilter/nf_log_ipv6.o
  CC      net/ipv4/gre_offload.o
  CC      lib/syscall.o
  CC      lib/dynamic_debug.o
  CC      net/netfilter/nf_queue.o
  CC      net/ipv6/netfilter/nf_reject_ipv6.o
  CC      net/ipv4/ip_tunnel.o
  CC      lib/nlattr.o
  CC      net/netfilter/nf_sockopt.o
  CC      net/ipv6/netfilter/ip6t_rpfilter.o
  CC      net/ipv4/sysctl_net_ipv4.o
  CC      lib/checksum.o
  CC      net/ipv6/netfilter/ip6t_REJECT.o
  CC      net/netfilter/nfnetlink.o
  CC      lib/cpu_rmap.o
  AR      net/ipv6/netfilter/nf_conntrack_ipv6.o
  AR      net/ipv6/netfilter/nf_defrag_ipv6.o
  AR      net/ipv6/netfilter/built-in.o
  CC      net/ipv6/ip6_tunnel.o
  CC      net/ipv4/proc.o
  CC      lib/dynamic_queue_limits.o
  CC      lib/glob.o
  CC      net/netfilter/nfnetlink_queue.o
  CC      lib/digsig.o
  CC      net/ipv4/fib_rules.o
  CC      lib/strncpy_from_user.o
  CC      net/ipv6/addrconf_core.o
  CC      net/netfilter/nfnetlink_log.o
  CC      net/ipv4/gre_demux.o
  CC      lib/strnlen_user.o
  CC      lib/net_utils.o
  CC      net/ipv6/exthdrs_core.o
  CC      net/ipv4/udp_tunnel.o
  CC      net/netfilter/nf_conntrack_core.o
  CC      lib/sg_pool.o
  CC      lib/asn1_decoder.o
  CC      net/ipv6/ip6_checksum.o
  GEN     lib/oid_registry_data.c
  CC      lib/sbitmap.o
  CC      net/ipv4/ip_vti.o
  CC      lib/argv_split.o
  CC      net/ipv6/ip6_icmp.o
  CC      net/ipv4/syncookies.o
  CC      lib/bug.o
  CC      net/netfilter/nf_conntrack_standalone.o
  CC      lib/chacha.o
  CC      lib/clz_tab.o
  CC      net/ipv6/output_core.o
  CC      lib/cmdline.o
  CC      lib/cpumask.o
  CC      net/ipv4/esp4.o
  CC      net/netfilter/nf_conntrack_expect.o
  CC      lib/ctype.o
  CC      lib/dec_and_lock.o
  CC      lib/decompress.o
  CC      lib/decompress_inflate.o
  CC      net/ipv6/protocol.o
  CC      lib/decompress_unlz4.o
  CC      lib/dump_stack.o
  CC      lib/earlycpio.o
  CC      lib/extable.o
  CC      net/netfilter/nf_conntrack_helper.o
  CC      net/ipv4/xfrm4_mode_beet.o
  CC      lib/fdt.o
  CC      net/ipv6/ip6_offload.o
  CC      lib/fdt_empty_tree.o
  CC      lib/fdt_ro.o
  CC      lib/fdt_rw.o
  CC      net/ipv4/tunnel4.o
  CC      lib/fdt_strerror.o
  CC      net/ipv6/tcpv6_offload.o
  CC      lib/fdt_sw.o
  CC      lib/fdt_wip.o
  CC      lib/flex_proportions.o
  CC      net/netfilter/nf_conntrack_proto.o
  CC      lib/idr.o
  CC      net/ipv6/exthdrs_offload.o
  CC      net/ipv4/xfrm4_mode_transport.o
  CC      lib/int_sqrt.o
  CC      lib/ioremap.o
  CC      net/ipv6/inet6_hashtables.o
  CC      lib/irq_regs.o
  CC      lib/is_single_threaded.o
  CC      net/ipv4/xfrm4_mode_tunnel.o
  CC      net/netfilter/nf_conntrack_l3proto_generic.o
  CC      lib/klist.o
  CC      lib/kobject.o
  CC      net/ipv4/netfilter.o
  CC      net/ipv6/ip6_udp_tunnel.o
  CC      net/netfilter/nf_conntrack_proto_generic.o
  CC      lib/kobject_uevent.o
  CC      net/netfilter/nf_conntrack_proto_tcp.o
  CC      net/ipv4/netfilter/nf_conntrack_l3proto_ipv4.o
  CC      net/ipv6/mcast_snoop.o
  CC      lib/nmi_backtrace.o
  CC      net/ipv4/netfilter/nf_conntrack_proto_icmp.o
  CC      lib/nodemask.o
  CC      lib/plist.o
  CC      lib/radix-tree.o
  AR      net/ipv6/built-in.o
  CC      net/ipv4/inet_diag.o
  CC      net/netfilter/nf_conntrack_proto_udp.o
  CC      net/ipv4/netfilter/nf_nat_l3proto_ipv4.o
  CC      lib/ratelimit.o
  CC      net/netfilter/nf_conntrack_extend.o
  CC      lib/rbtree.o
  CC      net/ipv4/netfilter/nf_nat_proto_icmp.o
  CC      net/ipv4/tcp_diag.o
  CC      lib/seq_buf.o
  CC      net/ipv4/netfilter/nf_defrag_ipv4.o
  CC      lib/sha1.o
  CC      net/ipv4/udp_diag.o
  CC      net/netfilter/nf_conntrack_acct.o
  CC      lib/show_mem.o
  CC      net/ipv4/tcp_bic.o
  CC      lib/siphash.o
  CC      net/ipv4/netfilter/nf_socket_ipv4.o
  CC      net/netfilter/nf_conntrack_seqadj.o
  CC      net/ipv4/tcp_cubic.o
  CC      lib/string.o
  CC      lib/timerqueue.o
  CC      net/netlink/af_netlink.o
  CC      net/ipv4/netfilter/nf_log_ipv4.o
  CC      lib/vsprintf.o
  CC      net/netfilter/nf_conntrack_ecache.o
  CC      net/ipv4/netfilter/nf_reject_ipv4.o
  CC      net/netfilter/nf_conntrack_proto_dccp.o
  CC      lib/win_minmax.o
  CC      net/ipv4/netfilter/nf_nat_h323.o
  CC      lib/oid_registry.o
  CC      net/netlink/genetlink.o
  CC      net/netfilter/nf_conntrack_proto_sctp.o
  AR      lib/lib.a
  EXPORTS lib/lib-ksyms.o
  AR      lib/built-in.o
  CC      net/packet/af_packet.o
  CC      net/ipv4/netfilter/nf_nat_pptp.o
  CC      net/ipv4/netfilter/nf_nat_masquerade_ipv4.o
  CC      net/netfilter/nf_conntrack_proto_gre.o
  AR      net/netlink/built-in.o
  CC      net/ipv4/xfrm4_policy.o
  CC      net/ipv4/netfilter/nf_nat_proto_gre.o
  CC      net/netfilter/nf_conntrack_netlink.o
  CC      net/sched/sch_generic.o
  AR      net/packet/built-in.o
  CC      net/netfilter/nf_conntrack_amanda.o
  CC      net/ipv4/netfilter/ip_tables.o
  CC      net/netfilter/nf_conntrack_ftp.o
  CC      net/sched/sch_mq.o
  CC      net/ipv4/xfrm4_state.o
  CC      net/sched/sch_api.o
  CC      net/ipv4/xfrm4_input.o
  CC      net/ipv4/netfilter/iptable_filter.o
  CC      net/netfilter/nf_conntrack_h323_main.o
  CC      net/ipv4/netfilter/iptable_mangle.o
  CC      net/ipv4/xfrm4_output.o
  CC      net/ipv4/netfilter/iptable_nat.o
  CC      net/netfilter/nf_conntrack_h323_asn1.o
  CC      net/sched/sch_blackhole.o
  CC      net/ipv4/netfilter/iptable_raw.o
  CC      net/netfilter/nf_conntrack_irc.o
  CC      net/ipv4/xfrm4_protocol.o
  CC      net/sched/cls_api.o
  CC      net/ipv4/netfilter/iptable_security.o
  CC      net/ipv4/netfilter/ipt_ah.o
  CC      net/netfilter/nf_conntrack_broadcast.o
  CC [M]  net/ipv4/tcp_westwood.o
  CC      net/ipv4/netfilter/ipt_rpfilter.o
  CC      net/sched/act_api.o
  CC [M]  net/ipv4/tcp_htcp.o
  CC      net/ipv4/netfilter/ipt_MASQUERADE.o
  CC      net/netfilter/nf_conntrack_netbios_ns.o
  CC      net/unix/af_unix.o
  CC      net/netfilter/nf_conntrack_pptp.o
  CC      net/ipv4/netfilter/ipt_REJECT.o
  CC      net/sched/act_police.o
  CC      net/ipv4/netfilter/arp_tables.o
  CC      net/sched/act_mirred.o
  CC      net/netfilter/nf_conntrack_sane.o
  CC      net/sched/sch_fifo.o
  CC      net/unix/garbage.o
  CC      net/netfilter/nf_conntrack_tftp.o
  CC      net/ipv4/netfilter/arpt_mangle.o
  CC      net/unix/sysctl_net_unix.o
  CC      net/sched/sch_htb.o
  CC      net/unix/scm.o
  CC      net/ipv4/netfilter/arptable_filter.o
  CC      net/netfilter/nf_log_common.o
  AR      net/ipv4/netfilter/nf_conntrack_ipv4.o
  AR      net/ipv4/netfilter/nf_nat_ipv4.o
  AR      net/ipv4/netfilter/built-in.o
  AR      net/ipv4/gre.o
  AR      net/ipv4/built-in.o
  CC      net/sched/sch_ingress.o
  CC      net/wireless/core.o
  AR      net/unix/unix.o
  AR      net/unix/built-in.o
  CC      net/netfilter/nf_nat_core.o
  CC      net/sched/sch_prio.o
  CC      net/xfrm/xfrm_policy.o
  CC      net/sched/cls_u32.o
